<?xml version="1.0" encoding="UTF-8"?>
<testsuite name="dbHave.Angular.MyTest" time="46.125" tests="1" errors="0" skipped="0" failures="1">
  <properties>
    <property name="java.runtime.name" value="Java(TM) SE Runtime Environment"/>
    <property name="sun.boot.library.path" value="C:\Program Files\Java\jdk1.8.0_92\jre\bin"/>
    <property name="java.vm.version" value="25.92-b14"/>
    <property name="java.vm.vendor" value="Oracle Corporation"/>
    <property name="maven.multiModuleProjectDirectory" value="D:\eduardo.mesquita\Desktop\dbeHave"/>
    <property name="java.vendor.url" value="http://java.oracle.com/"/>
    <property name="path.separator" value=";"/>
    <property name="guice.disable.misplaced.annotation.check" value="true"/>
    <property name="java.vm.name" value="Java HotSpot(TM) Client VM"/>
    <property name="file.encoding.pkg" value="sun.io"/>
    <property name="user.script" value=""/>
    <property name="user.country" value="BR"/>
    <property name="sun.java.launcher" value="SUN_STANDARD"/>
    <property name="sun.os.patch.level" value="Service Pack 1"/>
    <property name="java.vm.specification.name" value="Java Virtual Machine Specification"/>
    <property name="user.dir" value="D:\eduardo.mesquita\Desktop\dbeHave"/>
    <property name="java.runtime.version" value="1.8.0_92-b14"/>
    <property name="java.awt.graphicsenv" value="sun.awt.Win32GraphicsEnvironment"/>
    <property name="java.endorsed.dirs" value="C:\Program Files\Java\jdk1.8.0_92\jre\lib\endorsed"/>
    <property name="os.arch" value="x86"/>
    <property name="java.io.tmpdir" value="C:\Users\EDUARD~1\AppData\Local\Temp\"/>
    <property name="line.separator" value="&#10;"/>
    <property name="java.vm.specification.vendor" value="Oracle Corporation"/>
    <property name="user.variant" value=""/>
    <property name="os.name" value="Windows 7"/>
    <property name="classworlds.conf" value="C:\apache-maven-3.3.9\bin\..\bin\m2.conf"/>
    <property name="sun.jnu.encoding" value="Cp1252"/>
    <property name="java.library.path" value="C:\Program Files\Java\jdk1.8.0_92\bin;C:\Windows\Sun\Java\bin;C:\Windows\system32;C:\Windows;C:\ProgramData\Oracle\Java\javapath;C:\Ruby22\bin;C:\Windows\system32;C:\Windows;C:\Windows\System32\Wbem;C:\Windows\System32\WindowsPowerShell\v1.0\;C:\Program Files\TortoiseGit\bin;C:\Program Files\Git\bin;C:\mongoDB\Server\3.0\bin;C:\Program Files\nodejs;C:\sencha;C:\Program Files\Microsoft SQL Server\90\Tools\binn;C:\Program Files\nodejs;D:\eduardo.mesquita\AppData\Roaming\npm\node_modules\mocha\bin;C:\Program Files\7-Zip;C:\cromeDriver;C:\Program Files\Google\Chrome\Application\chrome;C:\Program Files\nodejs;D:\eduardo.mesquita\AppData\Roaming\npm\node_modules\phantom\node_modules\phantomjs-prebuilt\lib\phantom\bin\phantomjs.exe;C:\Program Files\nodejs\;C:\Program Files\Microsoft SQL Server\100\Tools\Binn\;C:\Program Files\Microsoft SQL Server\100\DTS\Binn\;C:\Program Files\Microsoft SDKs\TypeScript\1.0\;C:\Program Files\Microsoft SDKs\Windows\v7.1\Include;C:\apache-maven-3.3.9\bin;C:\SenchaCMD6.02.14/..;C:\Program Files\Google\Chrome\Application;D:\eduardo.mesquita\AppData\Roaming\npm\node_modules\phantom\node_modules\phantomjs-prebuilt\lib\phantom\bin;;D:\eduardo.mesquita\AppData\Roaming\npm;C:\Program Files\Microsoft VS Code\bin;C:\apache-maven-3.3.9\bin;C:\Program Files\Java\jdk1.8.0_92\bin;."/>
    <property name="java.specification.name" value="Java Platform API Specification"/>
    <property name="java.class.version" value="52.0"/>
    <property name="sun.management.compiler" value="HotSpot Client Compiler"/>
    <property name="os.version" value="6.1"/>
    <property name="user.home" value="C:\Users\Eduardo Mesquita"/>
    <property name="user.timezone" value="America/Sao_Paulo"/>
    <property name="java.awt.printerjob" value="sun.awt.windows.WPrinterJob"/>
    <property name="java.specification.version" value="1.8"/>
    <property name="file.encoding" value="Cp1252"/>
    <property name="user.name" value="Eduardo Mesquita"/>
    <property name="java.class.path" value="C:\apache-maven-3.3.9\bin\..\boot\plexus-classworlds-2.5.2.jar"/>
    <property name="java.vm.specification.version" value="1.8"/>
    <property name="sun.arch.data.model" value="32"/>
    <property name="java.home" value="C:\Program Files\Java\jdk1.8.0_92\jre"/>
    <property name="sun.java.command" value="org.codehaus.plexus.classworlds.launcher.Launcher install"/>
    <property name="java.specification.vendor" value="Oracle Corporation"/>
    <property name="user.language" value="pt"/>
    <property name="awt.toolkit" value="sun.awt.windows.WToolkit"/>
    <property name="java.vm.info" value="mixed mode, sharing"/>
    <property name="java.version" value="1.8.0_92"/>
    <property name="java.ext.dirs" value="C:\Program Files\Java\jdk1.8.0_92\jre\lib\ext;C:\Windows\Sun\Java\lib\ext"/>
    <property name="sun.boot.class.path" value="C:\Program Files\Java\jdk1.8.0_92\jre\lib\resources.jar;C:\Program Files\Java\jdk1.8.0_92\jre\lib\rt.jar;C:\Program Files\Java\jdk1.8.0_92\jre\lib\sunrsasign.jar;C:\Program Files\Java\jdk1.8.0_92\jre\lib\jsse.jar;C:\Program Files\Java\jdk1.8.0_92\jre\lib\jce.jar;C:\Program Files\Java\jdk1.8.0_92\jre\lib\charsets.jar;C:\Program Files\Java\jdk1.8.0_92\jre\lib\jfr.jar;C:\Program Files\Java\jdk1.8.0_92\jre\classes"/>
    <property name="sun.stderr.encoding" value="cp850"/>
    <property name="java.vendor" value="Oracle Corporation"/>
    <property name="maven.home" value="C:\apache-maven-3.3.9\bin\.."/>
    <property name="file.separator" value="\"/>
    <property name="java.vendor.url.bug" value="http://bugreport.sun.com/bugreport/"/>
    <property name="sun.cpu.endian" value="little"/>
    <property name="sun.io.unicode.encoding" value="UnicodeLittle"/>
    <property name="sun.stdout.encoding" value="cp850"/>
    <property name="sun.desktop" value="windows"/>
    <property name="sun.cpu.isalist" value="pentium_pro+mmx pentium_pro pentium+mmx pentium i486 i386 i86"/>
  </properties>
  <testcase name="testAllStories" classname="dbHave.Angular.MyTest" time="46.125">
    <failure message="Passo com falha: [Dado que vou para a tela &quot;dbehave&quot;] causa: Dado que vou para a tela &quot;dbehave&quot;" type="java.lang.AssertionError">java.lang.AssertionError: Passo com falha: [Dado que vou para a tela "dbehave"] causa: Dado que vou para a tela "dbehave"
	at org.junit.Assert.fail(Assert.java:91)
	at br.gov.frameworkdemoiselle.behave.controller.BehaveContext.run(BehaveContext.java:158)
	at br.gov.frameworkdemoiselle.behave.controller.BehaveContext.run(BehaveContext.java:180)
	at dbHave.Angular.MyTest.testAllStories(MyTest.java:17)
</failure>
    <system-out>13:34:57,775 INFO  (main) [BehaveContext]: --------------------------------
13:34:57,790 INFO  (main) [BehaveContext]: Demoiselle Behave Iniciado
13:34:57,790 INFO  (main) [BehaveContext]: Demoiselle Behave 1.5.1 em: 12/08/2015 10:15
13:34:57,790 INFO  (main) [BehaveContext]: --------------------------------
13:34:57,822 INFO  (main) [JBehaveParser]: Configurando Parser JBehave...
13:34:57,868 INFO  (main) [JBehaveParser]: Iniciando Parser JBehave...
13:34:57,868 INFO  (main) [JBehaveParser]: Executando história: [[stories\dbehave.storyConverted]]
Processing system properties {}
Using controls EmbedderControls[batch=false,skip=false,generateViewAfterStories=true,ignoreFailureInStories=true,ignoreFailureInView=true,verboseFailures=true,verboseFiltering=false,storyTimeouts=21600,threads=1,failOnStoryTimeout=false]

(BeforeStories)
13:34:58,524 INFO  (main) [BeforeAfterSteps]: 


13:34:58,524 INFO  (main) [BeforeAfterSteps]: &gt;&gt;Iniciando Aplicação&lt;&lt;

Running story stories\dbehave.storyConverted
Funcionalidade: Acesso ao Projeto Demoiselle Behave
(stories\dbehave.storyConverted)
Narrative:
In order to informações sobre o projeto Demoiselle Behave
As a visistante
I want to ter acesso a documentação, fórum e demais informações sobre o projeto
Scenario: Site do DBehave
Using timeout for story dbehave.storyConverted of 21600 secs.
Dado que vou para a tela "dbehave" (FAILED)
(br.gov.frameworkdemoiselle.behave.exception.BehaveException: Erro ao tentar navegar para [http://dbehave.com])
13:35:19,534 INFO  (pool-1-thread-1) [ScreenShootingMaker]: Screenshot [http://dbehave.com/] salvo em [D:\eduardo.mesquita\Desktop\dbeHave\target\jbehave\view\screenshots\failed-scenario-7d763a68-2496-4f41-97d9-1bd60b1e876b.png] com [113.706] bytes
Então será exibido "dbehave - projeto mantido pelo SERPRO" (NOT PERFORMED)

Scenario: Lendo dúvidas
Dado que vou para a tela "Github"
Então será exibido "Demoiselle Behave"
Então será exibido "http://dbehave.com"
Quando clico em "Dúvidas e Questões"
Então será exibido "New issue"

Scenario: Procurando documentação
Dado que vou para a tela "Documentação"
Quando clico em "Roteiro Rápido"
Então será exibido "um roteiro rápido para criação e configuração de um projeto com uso do framework Demoiselle Behave"
Quando clico em "Link Principal"
E clico em "Testes de Regressão"
Então será exibido "a funcionalidade que permite a comparação de layout entre navegadores diferentes"



(AfterStories)
13:35:43,198 INFO  (main) [BeforeAfterSteps]: &gt;&gt;Finalizando Aplicação&lt;&lt;

Generating reports view to 'D:\eduardo.mesquita\Desktop\dbeHave\target\jbehave' using formats '[defaultstoryreport, console, html, stats]' and view properties '{navigator=ftl/jbehave-navigator.ftl, views=ftl/jbehave-views.ftl, reports=ftl/jbehave-reports.ftl, nonDecorated=ftl/jbehave-report-non-decorated.ftl, decorated=ftl/jbehave-report-decorated.ftl, maps=ftl/jbehave-maps.ftl}'
Reports view generated with 2 stories (of which 0 pending) containing 3 scenarios (of which 0 pending)
Failures in reports view: 1 scenarios failed
13:35:43,572 INFO  (main) [JBehaveParser]: Finalizando Parser JBehave...
13:35:43,572 INFO  (main) [BehaveContext]: --------------------------------
13:35:43,572 INFO  (main) [BehaveContext]: Demoiselle Behave Finalizado
13:35:43,572 INFO  (main) [BehaveContext]: --------------------------------
</system-out>
    <system-err>log4j:WARN No appenders could be found for logger (org.apache.http.client.protocol.RequestAddCookies).
log4j:WARN Please initialize the log4j system properly.
log4j:WARN See http://logging.apache.org/log4j/1.2/faq.html#noconfig for more info.
</system-err>
  </testcase>
</testsuite>